<?xml version="1.0" encoding="UTF-8"?>
<!-- Generated by org.testng.reporters.JUnitXMLReporter -->
<testsuite hostname="DESKTOP-UVENGDO" name="ToolQA_ff" tests="12" failures="1" timestamp="13 Jul 2017 06:00:09 GMT" time="9.821" errors="0">
  <testcase name="testStart" time="3.383" classname="BitrixShopTests.Start"/>
  <testcase name="testAddProduct" time="0.896" classname="BitrixShopTests.AddManTsClearly"/>
  <testcase name="testAddProduct" time="0.871" classname="BitrixShopTests.AddWomanTsClearly"/>
  <testcase name="testAddProduct" time="1.106" classname="BitrixShopTests.AddWomanTsNight"/>
  <testcase name="add1" time="0.001" classname="BitrixShopTests.GetThreeProductsDataFromSite"/>
  <testcase name="add2" time="0.0" classname="BitrixShopTests.GetThreeProductsDataFromSite"/>
  <testcase name="add3" time="0.0" classname="BitrixShopTests.GetThreeProductsDataFromSite"/>
  <testcase name="testEditCart" time="3.463" classname="BitrixShopTests.EditCart"/>
  <testcase name="testEditModel" time="0.0" classname="BitrixShopTests.EditModel"/>
  <testcase name="testGetSumFromSite" time="0.043" classname="BitrixShopTests.CheckSum2"/>
  <testcase name="sumFromModel" time="0.0" classname="BitrixShopTests.CheckSum2"/>
  <testcase name="compareSums" time="0.047" classname="BitrixShopTests.CheckSum2">
    <failure type="java.lang.AssertionError" message="expected [9138.0] but found [9128.0]">
      <![CDATA[java.lang.AssertionError: expected [9138.0] but found [9128.0]
	at BitrixShopTests.CheckSum2.compareSums(CheckSum2.java:59)
... Removed 28 stack frames]]>
    </failure>
  </testcase> <!-- compareSums -->
</testsuite> <!-- ToolQA_ff -->
