<html>
<head>
<title>TestNG:  ToolQA_ff</title>
<link href="../testng.css" rel="stylesheet" type="text/css" />
<link href="../my-testng.css" rel="stylesheet" type="text/css" />

<style type="text/css">
.log { display: none;} 
.stack-trace { display: none;} 
</style>
<script type="text/javascript">
<!--
function flip(e) {
  current = e.style.display;
  if (current == 'block') {
    e.style.display = 'none';
    return 0;
  }
  else {
    e.style.display = 'block';
    return 1;
  }
}

function toggleBox(szDivId, elem, msg1, msg2)
{
  var res = -1;  if (document.getElementById) {
    res = flip(document.getElementById(szDivId));
  }
  else if (document.all) {
    // this is the way old msie versions work
    res = flip(document.all[szDivId]);
  }
  if(elem) {
    if(res == 0) elem.innerHTML = msg1; else elem.innerHTML = msg2;
  }

}

function toggleAllBoxes() {
  if (document.getElementsByTagName) {
    d = document.getElementsByTagName('div');
    for (i = 0; i < d.length; i++) {
      if (d[i].className == 'log') {
        flip(d[i]);
      }
    }
  }
}

// -->
</script>

</head>
<body>
<h2 align='center'>ToolQA_ff</h2><table border='1' align="center">
<tr>
<td>Tests passed/Failed/Skipped:</td><td>11/1/0</td>
</tr><tr>
<td>Started on:</td><td>Thu Jul 13 09:00:00 MSK 2017</td>
</tr>
<tr><td>Total time:</td><td>9 seconds (9821 ms)</td>
</tr><tr>
<td>Included groups:</td><td></td>
</tr><tr>
<td>Excluded groups:</td><td></td>
</tr>
</table><p/>
<small><i>(Hover the method name to see the test class name)</i></small><p/>
<table width='100%' border='1' class='invocation-failed'>
<tr><td colspan='4' align='center'><b>FAILED TESTS</b></td></tr>
<tr><td><b>Test method</b></td>
<td width="30%"><b>Exception</b></td>
<td width="10%"><b>Time (seconds)</b></td>
<td><b>Instance</b></td>
</tr>
<tr>
<td title='BitrixShopTests.CheckSum2.compareSums()'><b>compareSums</b><br>Test class: BitrixShopTests.CheckSum2</td>
<td><div><pre>java.lang.AssertionError: expected [9138.0] but found [9128.0]
	at BitrixShopTests.CheckSum2.compareSums(CheckSum2.java:59)
... Removed 28 stack frames</pre></div><a href='#' onClick='toggleBox("stack-trace1179792105", this, "Click to show all stack frames", "Click to hide stack frames")'>Click to show all stack frames</a>
<div class='stack-trace' id='stack-trace1179792105'><pre>java.lang.AssertionError: expected [9138.0] but found [9128.0]
	at org.testng.Assert.fail(Assert.java:94)
	at org.testng.Assert.failNotEquals(Assert.java:496)
	at org.testng.Assert.assertEquals(Assert.java:125)
	at org.testng.Assert.assertEquals(Assert.java:167)
	at BitrixShopTests.CheckSum2.compareSums(CheckSum2.java:59)
	at sun.reflect.NativeMethodAccessorImpl.invoke0(Native Method)
	at sun.reflect.NativeMethodAccessorImpl.invoke(NativeMethodAccessorImpl.java:62)
	at sun.reflect.DelegatingMethodAccessorImpl.invoke(DelegatingMethodAccessorImpl.java:43)
	at java.lang.reflect.Method.invoke(Method.java:498)
	at org.testng.internal.MethodInvocationHelper.invokeMethod(MethodInvocationHelper.java:85)
	at org.testng.internal.Invoker.invokeMethod(Invoker.java:639)
	at org.testng.internal.Invoker.invokeTestMethod(Invoker.java:816)
	at org.testng.internal.Invoker.invokeTestMethods(Invoker.java:1124)
	at org.testng.internal.TestMethodWorker.invokeTestMethods(TestMethodWorker.java:125)
	at org.testng.internal.TestMethodWorker.run(TestMethodWorker.java:108)
	at org.testng.TestRunner.privateRun(TestRunner.java:774)
	at org.testng.TestRunner.run(TestRunner.java:624)
	at org.testng.SuiteRunner.runTest(SuiteRunner.java:359)
	at org.testng.SuiteRunner.runSequentially(SuiteRunner.java:354)
	at org.testng.SuiteRunner.privateRun(SuiteRunner.java:312)
	at org.testng.SuiteRunner.run(SuiteRunner.java:261)
	at org.testng.SuiteRunnerWorker.runSuite(SuiteRunnerWorker.java:52)
	at org.testng.SuiteRunnerWorker.run(SuiteRunnerWorker.java:86)
	at org.testng.TestNG.runSuitesSequentially(TestNG.java:1215)
	at org.testng.TestNG.runSuitesLocally(TestNG.java:1140)
	at org.testng.TestNG.run(TestNG.java:1048)
	at org.testng.remote.AbstractRemoteTestNG.run(AbstractRemoteTestNG.java:132)
	at org.testng.remote.RemoteTestNG.initAndRun(RemoteTestNG.java:230)
	at org.testng.remote.RemoteTestNG.main(RemoteTestNG.java:76)
</pre></div></td>
<td>0</td>
<td>BitrixShopTests.CheckSum2@f6c48ac</td></tr>
</table><p>
<table width='100%' border='1' class='invocation-passed'>
<tr><td colspan='4' align='center'><b>PASSED TESTS</b></td></tr>
<tr><td><b>Test method</b></td>
<td width="30%"><b>Exception</b></td>
<td width="10%"><b>Time (seconds)</b></td>
<td><b>Instance</b></td>
</tr>
<tr>
<td title='BitrixShopTests.GetThreeProductsDataFromSite.add1()'><b>add1</b><br>Test class: BitrixShopTests.GetThreeProductsDataFromSite<br>Parameters: ProductData [index=0, name=Футболка Мужская Чистота, price=799.0, num=1]</td>
<td></td>
<td>0</td>
<td>BitrixShopTests.GetThreeProductsDataFromSite@4dfa3a9d</td></tr>
<tr>
<td title='BitrixShopTests.GetThreeProductsDataFromSite.add2()'><b>add2</b><br>Test class: BitrixShopTests.GetThreeProductsDataFromSite<br>Parameters: ProductData [index=0, name=Футболка Женская Чистота, price=749.0, num=2]</td>
<td></td>
<td>0</td>
<td>BitrixShopTests.GetThreeProductsDataFromSite@4dfa3a9d</td></tr>
<tr>
<td title='BitrixShopTests.GetThreeProductsDataFromSite.add3()'><b>add3</b><br>Test class: BitrixShopTests.GetThreeProductsDataFromSite<br>Parameters: ProductData [index=0, name=Футболка Женская Ночь, price=759.0, num=3]</td>
<td></td>
<td>0</td>
<td>BitrixShopTests.GetThreeProductsDataFromSite@4dfa3a9d</td></tr>
<tr>
<td title='BitrixShopTests.CheckSum2.sumFromModel()'><b>sumFromModel</b><br>Test class: BitrixShopTests.CheckSum2<br>Parameters: [ProductData [index=0, name=Футболка Мужская Чистота, price=799.0, num=1], ProductData [index=0, name=Футболка Женская Чистота, price=749.0, num=3], ProductData [index=0, name=Футболка Женская Ночь, price=759.0, num=2], ProductData [index=0, name=Футболка Мужская Чистота, price=799.0, num=1], ProductData [index=0, name=Футболка Женская Чистота, price=749.0, num=2], ProductData [index=0, name=Футболка Женская Ночь, price=759.0, num=3]]</td>
<td></td>
<td>0</td>
<td>BitrixShopTests.CheckSum2@f6c48ac</td></tr>
<tr>
<td title='BitrixShopTests.AddManTsClearly.testAddProduct()'><b>testAddProduct</b><br>Test class: BitrixShopTests.AddManTsClearly</td>
<td></td>
<td>0</td>
<td>BitrixShopTests.AddManTsClearly@e25b2fe</td></tr>
<tr>
<td title='BitrixShopTests.AddWomanTsClearly.testAddProduct()'><b>testAddProduct</b><br>Test class: BitrixShopTests.AddWomanTsClearly</td>
<td></td>
<td>0</td>
<td>BitrixShopTests.AddWomanTsClearly@754ba872</td></tr>
<tr>
<td title='BitrixShopTests.AddWomanTsNight.testAddProduct()'><b>testAddProduct</b><br>Test class: BitrixShopTests.AddWomanTsNight</td>
<td></td>
<td>1</td>
<td>BitrixShopTests.AddWomanTsNight@146ba0ac</td></tr>
<tr>
<td title='BitrixShopTests.EditCart.testEditCart()'><b>testEditCart</b><br>Test class: BitrixShopTests.EditCart</td>
<td></td>
<td>3</td>
<td>BitrixShopTests.EditCart@6eebc39e</td></tr>
<tr>
<td title='BitrixShopTests.EditModel.testEditModel()'><b>testEditModel</b><br>Test class: BitrixShopTests.EditModel<br>Parameters: [ProductData [index=0, name=Футболка Мужская Чистота, price=799.0, num=1], ProductData [index=0, name=Футболка Женская Чистота, price=749.0, num=3], ProductData [index=0, name=Футболка Женская Ночь, price=759.0, num=2], ProductData [index=0, name=Футболка Мужская Чистота, price=799.0, num=1], ProductData [index=0, name=Футболка Женская Чистота, price=749.0, num=2], ProductData [index=0, name=Футболка Женская Ночь, price=759.0, num=3]]</td>
<td></td>
<td>0</td>
<td>BitrixShopTests.EditModel@464bee09</td></tr>
<tr>
<td title='BitrixShopTests.CheckSum2.testGetSumFromSite()'><b>testGetSumFromSite</b><br>Test class: BitrixShopTests.CheckSum2</td>
<td></td>
<td>0</td>
<td>BitrixShopTests.CheckSum2@f6c48ac</td></tr>
<tr>
<td title='BitrixShopTests.Start.testStart()'><b>testStart</b><br>Test class: BitrixShopTests.Start</td>
<td></td>
<td>3</td>
<td>BitrixShopTests.Start@204f30ec</td></tr>
</table><p>
</body>
</html>